[debug] [2022-06-27T01:50:57.817Z] ----------------------------------------------------------------------
[debug] [2022-06-27T01:50:57.820Z] Command:       C:\Program Files\nodejs\node.exe C:\Users\HP\AppData\Roaming\npm\node_modules\firebase-tools\lib\bin\firebase.js init
[debug] [2022-06-27T01:50:57.821Z] CLI Version:   11.1.0
[debug] [2022-06-27T01:50:57.821Z] Platform:      win32
[debug] [2022-06-27T01:50:57.821Z] Node Version:  v16.15.1
[debug] [2022-06-27T01:50:57.822Z] Time:          Sun Jun 26 2022 20:50:57 GMT-0500 (hora estándar de Perú)
[debug] [2022-06-27T01:50:57.823Z] ----------------------------------------------------------------------
[debug] 
[debug] [2022-06-27T01:50:57.829Z] > command requires scopes: ["email","openid","https://www.googleapis.com/auth/cloudplatformprojects.readonly","https://www.googleapis.com/auth/firebase","https://www.googleapis.com/auth/cloud-platform"]
[debug] [2022-06-27T01:50:57.830Z] > authorizing via signed-in user (pmsergio20@gmail.com)
[info] 
     ######## #### ########  ######## ########     ###     ######  ########
     ##        ##  ##     ## ##       ##     ##  ##   ##  ##       ##
     ######    ##  ########  ######   ########  #########  ######  ######
     ##        ##  ##    ##  ##       ##     ## ##     ##       ## ##
     ##       #### ##     ## ######## ########  ##     ##  ######  ########

You're about to initialize a Firebase project in this directory:

  C:\Users\HP\Desktop\Proweb

[info] 
=== Project Setup
[info] 
[info] First, let's associate this project directory with a Firebase project.
[info] You can create multiple project aliases by running firebase use --add, 
[info] but for now we'll just set up a default project.
[info] 
[debug] [2022-06-27T01:54:38.118Z] >>> [apiv2][query] GET https://firebase.googleapis.com/v1beta1/projects pageSize=100
[debug] [2022-06-27T01:54:39.299Z] <<< [apiv2][status] GET https://firebase.googleapis.com/v1beta1/projects 200
[debug] [2022-06-27T01:54:39.300Z] <<< [apiv2][body] GET https://firebase.googleapis.com/v1beta1/projects [omitted]
[info] i  Using project sitesergio-2653e (sitesergio) 
[info] 
=== Hosting Setup
[info] 
[info] Your public directory is the folder (relative to your project directory) that
[info] will contain Hosting assets to be uploaded with firebase deploy. If you
[info] have a build process for your assets, use your build's output directory.
[info] 
[debug] [2022-06-27T01:55:38.771Z] >>> [apiv2][query] GET https://www.gstatic.com/firebasejs/releases.json [none]
[debug] [2022-06-27T01:55:39.451Z] <<< [apiv2][status] GET https://www.gstatic.com/firebasejs/releases.json 200
[debug] [2022-06-27T01:55:39.451Z] <<< [apiv2][body] GET https://www.gstatic.com/firebasejs/releases.json {"current":{"version":"9.8.4","browserURL":"https://www.gstatic.com/firebasejs/9.8.4/firebase.js","packageURL":"https://www.gstatic.com/firebasejs/9.8.4/firebase.tgz"},"live":{"version":"9.8","browserURL":"https://www.gstatic.com/firebasejs/live/9.8/firebase.js","packageURL":"https://www.gstatic.com/firebasejs/live/9.8/firebase.tgz"},"components":{"analytics":"https://www.gstatic.com/firebasejs/9.8.4/firebase-analytics.js","app":"https://www.gstatic.com/firebasejs/9.8.4/firebase-app.js","app-check":"https://www.gstatic.com/firebasejs/9.8.4/firebase-app-check.js","auth":"https://www.gstatic.com/firebasejs/9.8.4/firebase-auth.js","auth/cordova":"https://www.gstatic.com/firebasejs/9.8.4/firebase-auth/cordova.js","auth/react-native":"https://www.gstatic.com/firebasejs/9.8.4/firebase-auth/react-native.js","functions":"https://www.gstatic.com/firebasejs/9.8.4/firebase-functions.js","firestore":"https://www.gstatic.com/firebasejs/9.8.4/firebase-firestore.js","firestore/lite":"https://www.gstatic.com/firebasejs/9.8.4/firebase-firestore/lite.js","storage":"https://www.gstatic.com/firebasejs/9.8.4/firebase-storage.js","performance":"https://www.gstatic.com/firebasejs/9.8.4/firebase-performance.js","remote-config":"https://www.gstatic.com/firebasejs/9.8.4/firebase-remote-config.js","messaging":"https://www.gstatic.com/firebasejs/9.8.4/firebase-messaging.js","messaging/sw":"https://www.gstatic.com/firebasejs/9.8.4/firebase-messaging/sw.js","database":"https://www.gstatic.com/firebasejs/9.8.4/firebase-database.js","firestore.memory":"https://www.gstatic.com/firebasejs/9.8.4/firebase-firestore.memory.js"}}
[info] +  Wrote public/index.html 
[info] 
[info] i  Didn't detect a .git folder. Assuming C:\Users\HP\Desktop\Proweb is the project root. 
[info] i  Authorizing with GitHub to upload your service account to a GitHub repository's secrets store. 
[info] 
[info] Visit this URL on this device to log in:
[info] https://github.com/login/oauth/authorize?client_id=89cf50f02ac6aaed3484&state=975939974&redirect_uri=http%3A%2F%2Flocalhost%3A9005&scope=read%3Auser%20repo%20public_repo
[info] 
[info] Waiting for authentication...
[debug] [2022-06-27T01:58:58.603Z] >>> [apiv2][query] POST https://github.com/login/oauth/access_token [none]
[debug] [2022-06-27T01:58:58.604Z] >>> [apiv2][body] POST https://github.com/login/oauth/access_token [stream]
[debug] [2022-06-27T01:58:59.034Z] <<< [apiv2][status] POST https://github.com/login/oauth/access_token 200
[debug] [2022-06-27T01:58:59.034Z] <<< [apiv2][body] POST https://github.com/login/oauth/access_token {"access_token":"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","token_type":"bearer","scope":"read:user,repo"}
[debug] [2022-06-27T01:58:59.049Z] >>> [apiv2][query] GET https://api.github.com/user [none]
[debug] [2022-06-27T01:58:59.423Z] <<< [apiv2][status] GET https://api.github.com/user 200
[debug] [2022-06-27T01:58:59.423Z] <<< [apiv2][body] GET https://api.github.com/user {"login":"sitesergio","id":73377966,"node_id":"MDQ6VXNlcjczMzc3OTY2","avatar_url":"https://avatars.githubusercontent.com/u/73377966?v=4","gravatar_id":"","url":"https://api.github.com/users/sitesergio","html_url":"https://github.com/sitesergio","followers_url":"https://api.github.com/users/sitesergio/followers","following_url":"https://api.github.com/users/sitesergio/following{/other_user}","gists_url":"https://api.github.com/users/sitesergio/gists{/gist_id}","starred_url":"https://api.github.com/users/sitesergio/starred{/owner}{/repo}","subscriptions_url":"https://api.github.com/users/sitesergio/subscriptions","organizations_url":"https://api.github.com/users/sitesergio/orgs","repos_url":"https://api.github.com/users/sitesergio/repos","events_url":"https://api.github.com/users/sitesergio/events{/privacy}","received_events_url":"https://api.github.com/users/sitesergio/received_events","type":"User","site_admin":false,"name":null,"company":null,"blog":"","location":null,"email":null,"hireable":null,"bio":null,"twitter_username":null,"public_repos":2,"public_gists":0,"followers":0,"following":0,"created_at":"2020-10-24T05:49:04Z","updated_at":"2021-05-22T03:06:47Z","private_gists":0,"total_private_repos":0,"owned_private_repos":0,"disk_usage":0,"collaborators":0,"two_factor_authentication":false,"plan":{"name":"free","space":976562499,"collaborators":0,"private_repos":10000}}
[info] 
[info] +  Success! Logged into GitHub as sitesergio 
[info] 
